<?xml version="1.0" encoding="UTF-8"?>
<!-- Generated by org.testng.reporters.JUnitXMLReporter -->
<testsuite hostname="Saif" ignored="0" name="Default test" tests="10" failures="0" timestamp="25 Aug 2018 00:16:42 GMT" time="17.94" errors="0">
  <testcase name="Test_01" time="4.025" classname="APITesting.com.org.api.WeatherGetRequest"/>
  <testcase name="Test_02" time="1.949" classname="APITesting.com.org.api.WeatherGetRequest"/>
  <testcase name="Test_03" time="2.018" classname="APITesting.com.org.api.WeatherGetRequest"/>
  <testcase name="Test_04" time="1.5" classname="APITesting.com.org.api.WeatherGetRequest"/>
  <testcase name="Test_05" time="1.506" classname="APITesting.com.org.api.WeatherGetRequest"/>
  <testcase name="Test_06" time="1.339" classname="APITesting.com.org.api.WeatherGetRequest"/>
  <testcase name="Test_07" time="1.126" classname="APITesting.com.org.api.WeatherGetRequest"/>
  <testcase name="Test_08" time="1.664" classname="APITesting.com.org.api.WeatherGetRequest"/>
  <testcase name="Test_09" time="1.364" classname="APITesting.com.org.api.WeatherGetRequest"/>
  <testcase name="Test_10" time="1.364" classname="APITesting.com.org.api.WeatherGetRequest"/>
</testsuite> <!-- Default test -->
