<?xml version="1.0" encoding="UTF-8"?>
<testng-results skipped="0" failed="0" ignored="0" total="10" passed="10">
  <reporter-output>
  </reporter-output>
  <suite name="API Suite" duration-ms="20049" started-at="2018-08-25T00:39:03Z" finished-at="2018-08-25T00:39:23Z">
    <groups>
    </groups>
    <test name="RestAPITest" duration-ms="20049" started-at="2018-08-25T00:39:03Z" finished-at="2018-08-25T00:39:23Z">
      <class name="APITesting.com.org.api.WeatherGetRequest">
        <test-method status="PASS" signature="Test_01()[pri:0, instance:APITesting.com.org.api.WeatherGetRequest@58ceff1]" name="Test_01" duration-ms="3064" started-at="2018-08-25T00:39:03Z" finished-at="2018-08-25T00:39:06Z">
          <reporter-output>
          </reporter-output>
        </test-method> <!-- Test_01 -->
        <test-method status="PASS" signature="Test_02()[pri:0, instance:APITesting.com.org.api.WeatherGetRequest@58ceff1]" name="Test_02" duration-ms="1193" started-at="2018-08-25T00:39:06Z" finished-at="2018-08-25T00:39:07Z">
          <reporter-output>
          </reporter-output>
        </test-method> <!-- Test_02 -->
        <test-method status="PASS" signature="Test_03()[pri:0, instance:APITesting.com.org.api.WeatherGetRequest@58ceff1]" name="Test_03" duration-ms="2409" started-at="2018-08-25T00:39:07Z" finished-at="2018-08-25T00:39:09Z">
          <reporter-output>
          </reporter-output>
        </test-method> <!-- Test_03 -->
        <test-method status="PASS" signature="Test_04()[pri:0, instance:APITesting.com.org.api.WeatherGetRequest@58ceff1]" name="Test_04" duration-ms="2386" started-at="2018-08-25T00:39:10Z" finished-at="2018-08-25T00:39:12Z">
          <reporter-output>
          </reporter-output>
        </test-method> <!-- Test_04 -->
        <test-method status="PASS" signature="Test_05()[pri:0, instance:APITesting.com.org.api.WeatherGetRequest@58ceff1]" name="Test_05" duration-ms="1799" started-at="2018-08-25T00:39:12Z" finished-at="2018-08-25T00:39:14Z">
          <reporter-output>
          </reporter-output>
        </test-method> <!-- Test_05 -->
        <test-method status="PASS" signature="Test_06()[pri:0, instance:APITesting.com.org.api.WeatherGetRequest@58ceff1]" name="Test_06" duration-ms="1519" started-at="2018-08-25T00:39:14Z" finished-at="2018-08-25T00:39:15Z">
          <reporter-output>
          </reporter-output>
        </test-method> <!-- Test_06 -->
        <test-method status="PASS" signature="Test_07()[pri:0, instance:APITesting.com.org.api.WeatherGetRequest@58ceff1]" name="Test_07" duration-ms="1453" started-at="2018-08-25T00:39:15Z" finished-at="2018-08-25T00:39:17Z">
          <reporter-output>
          </reporter-output>
        </test-method> <!-- Test_07 -->
        <test-method status="PASS" signature="Test_08()[pri:0, instance:APITesting.com.org.api.WeatherGetRequest@58ceff1]" name="Test_08" duration-ms="2100" started-at="2018-08-25T00:39:17Z" finished-at="2018-08-25T00:39:19Z">
          <reporter-output>
          </reporter-output>
        </test-method> <!-- Test_08 -->
        <test-method status="PASS" signature="Test_09()[pri:0, instance:APITesting.com.org.api.WeatherGetRequest@58ceff1]" name="Test_09" duration-ms="2275" started-at="2018-08-25T00:39:19Z" finished-at="2018-08-25T00:39:21Z">
          <reporter-output>
          </reporter-output>
        </test-method> <!-- Test_09 -->
        <test-method status="PASS" signature="Test_10()[pri:0, instance:APITesting.com.org.api.WeatherGetRequest@58ceff1]" name="Test_10" duration-ms="1806" started-at="2018-08-25T00:39:21Z" finished-at="2018-08-25T00:39:23Z">
          <reporter-output>
          </reporter-output>
        </test-method> <!-- Test_10 -->
      </class> <!-- APITesting.com.org.api.WeatherGetRequest -->
    </test> <!-- RestAPITest -->
  </suite> <!-- API Suite -->
</testng-results>
