<?xml version="1.0" encoding="UTF-8"?>
<testsuite name="TestSuite" time="16.386" tests="10" errors="0" skipped="0" failures="0">
  <properties>
[...]
</properties>
  <testcase name="Test_01" classname="APITesting.com.org.api.WeatherGetRequest" time="2.994"/>
  <testcase name="Test_02" classname="APITesting.com.org.api.WeatherGetRequest" time="1.655"/>
  <testcase name="Test_03" classname="APITesting.com.org.api.WeatherGetRequest" time="1.443"/>
  <testcase name="Test_04" classname="APITesting.com.org.api.WeatherGetRequest" time="1.349"/>
  <testcase name="Test_05" classname="APITesting.com.org.api.WeatherGetRequest" time="1.571"/>
  <testcase name="Test_06" classname="APITesting.com.org.api.WeatherGetRequest" time="1.18"/>
  <testcase name="Test_07" classname="APITesting.com.org.api.WeatherGetRequest" time="1.153"/>
  <testcase name="Test_08" classname="APITesting.com.org.api.WeatherGetRequest" time="1.736"/>
  <testcase name="Test_09" classname="APITesting.com.org.api.WeatherGetRequest" time="1.719"/>
  <testcase name="Test_10" classname="APITesting.com.org.api.WeatherGetRequest" time="1.586"/>
</testsuite>