<?xml version="1.0" encoding="UTF-8"?>
<testng-results skipped="0" failed="0" ignored="0" total="10" passed="10">
  <reporter-output>
  </reporter-output>
  <suite name="API Suite" duration-ms="16418" started-at="2018-08-25T09:21:42Z" finished-at="2018-08-25T09:21:58Z">
    <groups>
    </groups>
    <test name="RestAPITest" duration-ms="16418" started-at="2018-08-25T09:21:42Z" finished-at="2018-08-25T09:21:58Z">
      <class name="APITesting.com.org.api.WeatherGetRequest">
        <test-method status="PASS" signature="Test_01()[pri:0, instance:APITesting.com.org.api.WeatherGetRequest@58ceff1]" name="Test_01" duration-ms="2995" started-at="2018-08-25T09:21:42Z" finished-at="2018-08-25T09:21:45Z">
          <reporter-output>
          </reporter-output>
        </test-method> <!-- Test_01 -->
        <test-method status="PASS" signature="Test_02()[pri:0, instance:APITesting.com.org.api.WeatherGetRequest@58ceff1]" name="Test_02" duration-ms="1655" started-at="2018-08-25T09:21:45Z" finished-at="2018-08-25T09:21:47Z">
          <reporter-output>
          </reporter-output>
        </test-method> <!-- Test_02 -->
        <test-method status="PASS" signature="Test_03()[pri:0, instance:APITesting.com.org.api.WeatherGetRequest@58ceff1]" name="Test_03" duration-ms="1444" started-at="2018-08-25T09:21:47Z" finished-at="2018-08-25T09:21:48Z">
          <reporter-output>
          </reporter-output>
        </test-method> <!-- Test_03 -->
        <test-method status="PASS" signature="Test_04()[pri:0, instance:APITesting.com.org.api.WeatherGetRequest@58ceff1]" name="Test_04" duration-ms="1347" started-at="2018-08-25T09:21:48Z" finished-at="2018-08-25T09:21:50Z">
          <reporter-output>
          </reporter-output>
        </test-method> <!-- Test_04 -->
        <test-method status="PASS" signature="Test_05()[pri:0, instance:APITesting.com.org.api.WeatherGetRequest@58ceff1]" name="Test_05" duration-ms="1562" started-at="2018-08-25T09:21:50Z" finished-at="2018-08-25T09:21:51Z">
          <reporter-output>
          </reporter-output>
        </test-method> <!-- Test_05 -->
        <test-method status="PASS" signature="Test_06()[pri:0, instance:APITesting.com.org.api.WeatherGetRequest@58ceff1]" name="Test_06" duration-ms="1184" started-at="2018-08-25T09:21:51Z" finished-at="2018-08-25T09:21:52Z">
          <reporter-output>
          </reporter-output>
        </test-method> <!-- Test_06 -->
        <test-method status="PASS" signature="Test_07()[pri:0, instance:APITesting.com.org.api.WeatherGetRequest@58ceff1]" name="Test_07" duration-ms="1146" started-at="2018-08-25T09:21:52Z" finished-at="2018-08-25T09:21:53Z">
          <reporter-output>
          </reporter-output>
        </test-method> <!-- Test_07 -->
        <test-method status="PASS" signature="Test_08()[pri:0, instance:APITesting.com.org.api.WeatherGetRequest@58ceff1]" name="Test_08" duration-ms="1744" started-at="2018-08-25T09:21:53Z" finished-at="2018-08-25T09:21:55Z">
          <reporter-output>
          </reporter-output>
        </test-method> <!-- Test_08 -->
        <test-method status="PASS" signature="Test_09()[pri:0, instance:APITesting.com.org.api.WeatherGetRequest@58ceff1]" name="Test_09" duration-ms="1718" started-at="2018-08-25T09:21:55Z" finished-at="2018-08-25T09:21:57Z">
          <reporter-output>
          </reporter-output>
        </test-method> <!-- Test_09 -->
        <test-method status="PASS" signature="Test_10()[pri:0, instance:APITesting.com.org.api.WeatherGetRequest@58ceff1]" name="Test_10" duration-ms="1586" started-at="2018-08-25T09:21:57Z" finished-at="2018-08-25T09:21:58Z">
          <reporter-output>
          </reporter-output>
        </test-method> <!-- Test_10 -->
      </class> <!-- APITesting.com.org.api.WeatherGetRequest -->
    </test> <!-- RestAPITest -->
  </suite> <!-- API Suite -->
</testng-results>
