<?xml version="1.0" encoding="UTF-8"?>
<testng-results skipped="0" failed="1" ignored="0" total="10" passed="9">
  <reporter-output>
  </reporter-output>
  <suite name="API Suite" duration-ms="16849" started-at="2018-08-25T08:46:50Z" finished-at="2018-08-25T08:47:07Z">
    <groups>
    </groups>
    <test name="RestAPITest" duration-ms="16849" started-at="2018-08-25T08:46:50Z" finished-at="2018-08-25T08:47:07Z">
      <class name="APITesting.com.org.api.WeatherGetRequest">
        <test-method status="PASS" signature="Test_01()[pri:0, instance:APITesting.com.org.api.WeatherGetRequest@5c3bd550]" name="Test_01" duration-ms="2840" started-at="2018-08-25T08:46:50Z" finished-at="2018-08-25T08:46:53Z">
          <reporter-output>
          </reporter-output>
        </test-method> <!-- Test_01 -->
        <test-method status="PASS" signature="Test_02()[pri:0, instance:APITesting.com.org.api.WeatherGetRequest@5c3bd550]" name="Test_02" duration-ms="1664" started-at="2018-08-25T08:46:53Z" finished-at="2018-08-25T08:46:55Z">
          <reporter-output>
          </reporter-output>
        </test-method> <!-- Test_02 -->
        <test-method status="PASS" signature="Test_03()[pri:0, instance:APITesting.com.org.api.WeatherGetRequest@5c3bd550]" name="Test_03" duration-ms="1609" started-at="2018-08-25T08:46:55Z" finished-at="2018-08-25T08:46:56Z">
          <reporter-output>
          </reporter-output>
        </test-method> <!-- Test_03 -->
        <test-method status="PASS" signature="Test_04()[pri:0, instance:APITesting.com.org.api.WeatherGetRequest@5c3bd550]" name="Test_04" duration-ms="1649" started-at="2018-08-25T08:46:56Z" finished-at="2018-08-25T08:46:58Z">
          <reporter-output>
          </reporter-output>
        </test-method> <!-- Test_04 -->
        <test-method status="PASS" signature="Test_05()[pri:0, instance:APITesting.com.org.api.WeatherGetRequest@5c3bd550]" name="Test_05" duration-ms="1651" started-at="2018-08-25T08:46:58Z" finished-at="2018-08-25T08:47:00Z">
          <reporter-output>
          </reporter-output>
        </test-method> <!-- Test_05 -->
        <test-method status="PASS" signature="Test_06()[pri:0, instance:APITesting.com.org.api.WeatherGetRequest@5c3bd550]" name="Test_06" duration-ms="1566" started-at="2018-08-25T08:47:00Z" finished-at="2018-08-25T08:47:01Z">
          <reporter-output>
          </reporter-output>
        </test-method> <!-- Test_06 -->
        <test-method status="PASS" signature="Test_07()[pri:0, instance:APITesting.com.org.api.WeatherGetRequest@5c3bd550]" name="Test_07" duration-ms="1586" started-at="2018-08-25T08:47:01Z" finished-at="2018-08-25T08:47:03Z">
          <reporter-output>
          </reporter-output>
        </test-method> <!-- Test_07 -->
        <test-method status="PASS" signature="Test_08()[pri:0, instance:APITesting.com.org.api.WeatherGetRequest@5c3bd550]" name="Test_08" duration-ms="1743" started-at="2018-08-25T08:47:03Z" finished-at="2018-08-25T08:47:04Z">
          <reporter-output>
          </reporter-output>
        </test-method> <!-- Test_08 -->
        <test-method status="PASS" signature="Test_09()[pri:0, instance:APITesting.com.org.api.WeatherGetRequest@5c3bd550]" name="Test_09" duration-ms="1178" started-at="2018-08-25T08:47:04Z" finished-at="2018-08-25T08:47:06Z">
          <reporter-output>
          </reporter-output>
        </test-method> <!-- Test_09 -->
        <test-method status="FAIL" signature="Test_10()[pri:0, instance:APITesting.com.org.api.WeatherGetRequest@5c3bd550]" name="Test_10" duration-ms="1301" started-at="2018-08-25T08:47:06Z" finished-at="2018-08-25T08:47:07Z">
          <exception class="java.lang.ClassCastException">
            <message>
              <![CDATA[java.lang.Float cannot be cast to [C]]>
            </message>
            <full-stacktrace>
              <![CDATA[java.lang.ClassCastException: java.lang.Float cannot be cast to [C
at APITesting.com.org.api.WeatherGetRequest.Test_10(WeatherGetRequest.java:171)
at sun.reflect.NativeMethodAccessorImpl.invoke0(Native Method)
at sun.reflect.NativeMethodAccessorImpl.invoke(Unknown Source)
at sun.reflect.DelegatingMethodAccessorImpl.invoke(Unknown Source)
at java.lang.reflect.Method.invoke(Unknown Source)
at org.testng.internal.MethodInvocationHelper.invokeMethod(MethodInvocationHelper.java:124)
at org.testng.internal.Invoker.invokeMethod(Invoker.java:583)
at org.testng.internal.Invoker.invokeTestMethod(Invoker.java:719)
at org.testng.internal.Invoker.invokeTestMethods(Invoker.java:989)
at org.testng.internal.TestMethodWorker.invokeTestMethods(TestMethodWorker.java:125)
at org.testng.internal.TestMethodWorker.run(TestMethodWorker.java:109)
at org.testng.TestRunner.privateRun(TestRunner.java:648)
at org.testng.TestRunner.run(TestRunner.java:505)
at org.testng.SuiteRunner.runTest(SuiteRunner.java:455)
at org.testng.SuiteRunner.runSequentially(SuiteRunner.java:450)
at org.testng.SuiteRunner.privateRun(SuiteRunner.java:415)
at org.testng.SuiteRunner.run(SuiteRunner.java:364)
at org.testng.SuiteRunnerWorker.runSuite(SuiteRunnerWorker.java:52)
at org.testng.SuiteRunnerWorker.run(SuiteRunnerWorker.java:84)
at org.testng.TestNG.runSuitesSequentially(TestNG.java:1208)
at org.testng.TestNG.runSuitesLocally(TestNG.java:1137)
at org.testng.TestNG.runSuites(TestNG.java:1049)
at org.testng.TestNG.run(TestNG.java:1017)
at org.testng.remote.AbstractRemoteTestNG.run(AbstractRemoteTestNG.java:114)
at org.testng.remote.RemoteTestNG.initAndRun(RemoteTestNG.java:251)
at org.testng.remote.RemoteTestNG.main(RemoteTestNG.java:77)
]]>
            </full-stacktrace>
          </exception> <!-- java.lang.ClassCastException -->
          <reporter-output>
          </reporter-output>
        </test-method> <!-- Test_10 -->
      </class> <!-- APITesting.com.org.api.WeatherGetRequest -->
    </test> <!-- RestAPITest -->
  </suite> <!-- API Suite -->
</testng-results>
