<?xml version="1.0" encoding="UTF-8"?>
<testng-results skipped="0" failed="0" ignored="0" total="10" passed="10">
  <reporter-output>
  </reporter-output>
  <suite name="Default suite" duration-ms="17940" started-at="2018-08-25T00:16:24Z" finished-at="2018-08-25T00:16:42Z">
    <groups>
    </groups>
    <test name="Default test" duration-ms="17940" started-at="2018-08-25T00:16:24Z" finished-at="2018-08-25T00:16:42Z">
      <class name="APITesting.com.org.api.WeatherGetRequest">
        <test-method status="PASS" signature="Test_01()[pri:0, instance:APITesting.com.org.api.WeatherGetRequest@5c3bd550]" name="Test_01" duration-ms="4025" started-at="2018-08-25T00:16:24Z" finished-at="2018-08-25T00:16:28Z">
          <reporter-output>
          </reporter-output>
        </test-method> <!-- Test_01 -->
        <test-method status="PASS" signature="Test_02()[pri:0, instance:APITesting.com.org.api.WeatherGetRequest@5c3bd550]" name="Test_02" duration-ms="1949" started-at="2018-08-25T00:16:28Z" finished-at="2018-08-25T00:16:30Z">
          <reporter-output>
          </reporter-output>
        </test-method> <!-- Test_02 -->
        <test-method status="PASS" signature="Test_03()[pri:0, instance:APITesting.com.org.api.WeatherGetRequest@5c3bd550]" name="Test_03" duration-ms="2018" started-at="2018-08-25T00:16:30Z" finished-at="2018-08-25T00:16:32Z">
          <reporter-output>
          </reporter-output>
        </test-method> <!-- Test_03 -->
        <test-method status="PASS" signature="Test_04()[pri:0, instance:APITesting.com.org.api.WeatherGetRequest@5c3bd550]" name="Test_04" duration-ms="1500" started-at="2018-08-25T00:16:32Z" finished-at="2018-08-25T00:16:34Z">
          <reporter-output>
          </reporter-output>
        </test-method> <!-- Test_04 -->
        <test-method status="PASS" signature="Test_05()[pri:0, instance:APITesting.com.org.api.WeatherGetRequest@5c3bd550]" name="Test_05" duration-ms="1506" started-at="2018-08-25T00:16:34Z" finished-at="2018-08-25T00:16:35Z">
          <reporter-output>
          </reporter-output>
        </test-method> <!-- Test_05 -->
        <test-method status="PASS" signature="Test_06()[pri:0, instance:APITesting.com.org.api.WeatherGetRequest@5c3bd550]" name="Test_06" duration-ms="1339" started-at="2018-08-25T00:16:35Z" finished-at="2018-08-25T00:16:36Z">
          <reporter-output>
          </reporter-output>
        </test-method> <!-- Test_06 -->
        <test-method status="PASS" signature="Test_07()[pri:0, instance:APITesting.com.org.api.WeatherGetRequest@5c3bd550]" name="Test_07" duration-ms="1126" started-at="2018-08-25T00:16:36Z" finished-at="2018-08-25T00:16:37Z">
          <reporter-output>
          </reporter-output>
        </test-method> <!-- Test_07 -->
        <test-method status="PASS" signature="Test_08()[pri:0, instance:APITesting.com.org.api.WeatherGetRequest@5c3bd550]" name="Test_08" duration-ms="1664" started-at="2018-08-25T00:16:38Z" finished-at="2018-08-25T00:16:39Z">
          <reporter-output>
          </reporter-output>
        </test-method> <!-- Test_08 -->
        <test-method status="PASS" signature="Test_09()[pri:0, instance:APITesting.com.org.api.WeatherGetRequest@5c3bd550]" name="Test_09" duration-ms="1364" started-at="2018-08-25T00:16:39Z" finished-at="2018-08-25T00:16:41Z">
          <reporter-output>
          </reporter-output>
        </test-method> <!-- Test_09 -->
        <test-method status="PASS" signature="Test_10()[pri:0, instance:APITesting.com.org.api.WeatherGetRequest@5c3bd550]" name="Test_10" duration-ms="1364" started-at="2018-08-25T00:16:41Z" finished-at="2018-08-25T00:16:42Z">
          <reporter-output>
          </reporter-output>
        </test-method> <!-- Test_10 -->
      </class> <!-- APITesting.com.org.api.WeatherGetRequest -->
    </test> <!-- Default test -->
  </suite> <!-- Default suite -->
</testng-results>
