<?xml version="1.0" encoding="UTF-8"?>
<!-- Generated by org.testng.reporters.JUnitXMLReporter -->
<testsuite hostname="Saif" ignored="0" name="RestAPITest" tests="10" failures="0" timestamp="26 Aug 2018 07:14:16 GMT" time="14.376" errors="0">
  <testcase name="Test_01" time="3.017" classname="APITesting.com.org.api.WeatherGetRequest"/>
  <testcase name="Test_02" time="1.143" classname="APITesting.com.org.api.WeatherGetRequest"/>
  <testcase name="Test_03" time="1.327" classname="APITesting.com.org.api.WeatherGetRequest"/>
  <testcase name="Test_04" time="1.171" classname="APITesting.com.org.api.WeatherGetRequest"/>
  <testcase name="Test_05" time="1.217" classname="APITesting.com.org.api.WeatherGetRequest"/>
  <testcase name="Test_06" time="1.178" classname="APITesting.com.org.api.WeatherGetRequest"/>
  <testcase name="Test_07" time="1.16" classname="APITesting.com.org.api.WeatherGetRequest"/>
  <testcase name="Test_08" time="1.549" classname="APITesting.com.org.api.WeatherGetRequest"/>
  <testcase name="Test_09" time="1.323" classname="APITesting.com.org.api.WeatherGetRequest"/>
  <testcase name="Test_10" time="1.255" classname="APITesting.com.org.api.WeatherGetRequest"/>
</testsuite> <!-- RestAPITest -->
