<?xml version="1.0" encoding="UTF-8"?>
<!-- Generated by org.testng.reporters.JUnitXMLReporter -->
<testsuite hostname="Saif" ignored="0" name="RestAPITest" tests="10" failures="0" timestamp="25 Aug 2018 00:39:23 GMT" time="20.049" errors="0">
  <testcase name="Test_01" time="3.064" classname="APITesting.com.org.api.WeatherGetRequest"/>
  <testcase name="Test_02" time="1.193" classname="APITesting.com.org.api.WeatherGetRequest"/>
  <testcase name="Test_03" time="2.409" classname="APITesting.com.org.api.WeatherGetRequest"/>
  <testcase name="Test_04" time="2.386" classname="APITesting.com.org.api.WeatherGetRequest"/>
  <testcase name="Test_05" time="1.799" classname="APITesting.com.org.api.WeatherGetRequest"/>
  <testcase name="Test_06" time="1.519" classname="APITesting.com.org.api.WeatherGetRequest"/>
  <testcase name="Test_07" time="1.453" classname="APITesting.com.org.api.WeatherGetRequest"/>
  <testcase name="Test_08" time="2.1" classname="APITesting.com.org.api.WeatherGetRequest"/>
  <testcase name="Test_09" time="2.275" classname="APITesting.com.org.api.WeatherGetRequest"/>
  <testcase name="Test_10" time="1.806" classname="APITesting.com.org.api.WeatherGetRequest"/>
</testsuite> <!-- RestAPITest -->
