<?xml version="1.0" encoding="UTF-8"?>
<!-- Generated by org.testng.reporters.JUnitXMLReporter -->
<testsuite hostname="Saif" ignored="0" name="RestAPITest" tests="10" failures="1" timestamp="25 Aug 2018 08:47:07 GMT" time="16.849" errors="0">
  <testcase name="Test_01" time="2.84" classname="APITesting.com.org.api.WeatherGetRequest"/>
  <testcase name="Test_02" time="1.664" classname="APITesting.com.org.api.WeatherGetRequest"/>
  <testcase name="Test_03" time="1.609" classname="APITesting.com.org.api.WeatherGetRequest"/>
  <testcase name="Test_04" time="1.649" classname="APITesting.com.org.api.WeatherGetRequest"/>
  <testcase name="Test_05" time="1.651" classname="APITesting.com.org.api.WeatherGetRequest"/>
  <testcase name="Test_06" time="1.566" classname="APITesting.com.org.api.WeatherGetRequest"/>
  <testcase name="Test_07" time="1.586" classname="APITesting.com.org.api.WeatherGetRequest"/>
  <testcase name="Test_08" time="1.743" classname="APITesting.com.org.api.WeatherGetRequest"/>
  <testcase name="Test_09" time="1.178" classname="APITesting.com.org.api.WeatherGetRequest"/>
  <testcase name="Test_10" time="1.301" classname="APITesting.com.org.api.WeatherGetRequest">
    <failure type="java.lang.ClassCastException" message="java.lang.Float cannot be cast to [C">
      <![CDATA[java.lang.ClassCastException: java.lang.Float cannot be cast to [C
at APITesting.com.org.api.WeatherGetRequest.Test_10(WeatherGetRequest.java:171)
... Removed 25 stack frames]]>
    </failure>
  </testcase> <!-- Test_10 -->
</testsuite> <!-- RestAPITest -->
