<?xml version="1.0" encoding="UTF-8"?>
<!-- Generated by org.testng.reporters.JUnitXMLReporter -->
<testsuite hostname="Saif" ignored="0" name="RestAPITest" tests="9" failures="0" timestamp="20 Aug 2018 05:27:56 GMT" time="11.4" errors="0">
  <testcase name="Test_01" time="2.743" classname="APITesting.com.org.api.WeatherGetRequest"/>
  <testcase name="Test_02" time="1.006" classname="APITesting.com.org.api.WeatherGetRequest"/>
  <testcase name="Test_03" time="0.937" classname="APITesting.com.org.api.WeatherGetRequest"/>
  <testcase name="Test_04" time="1.055" classname="APITesting.com.org.api.WeatherGetRequest"/>
  <testcase name="Test_05" time="1.115" classname="APITesting.com.org.api.WeatherGetRequest"/>
  <testcase name="Test_06" time="1.094" classname="APITesting.com.org.api.WeatherGetRequest"/>
  <testcase name="Test_07" time="0.97" classname="APITesting.com.org.api.WeatherGetRequest"/>
  <testcase name="Test_08" time="1.452" classname="APITesting.com.org.api.WeatherGetRequest"/>
  <testcase name="Test_09" time="0.978" classname="APITesting.com.org.api.WeatherGetRequest"/>
</testsuite> <!-- RestAPITest -->
